main 2011-11-01 23:54:45,075 INFO App started IN net.sf.xfresh.util.Starter
main 2011-11-01 23:54:45,105 INFO Refreshing org.springframework.context.support.FileSystemXmlApplicationContext@38b5dac4: display name [org.springframework.context.support.FileSystemXmlApplicationContext@38b5dac4]; startup date [Tue Nov 01 23:54:45 MSK 2011]; root of context hierarchy IN org.springframework.context.support.FileSystemXmlApplicationContext
main 2011-11-01 23:54:45,151 INFO Loading XML bean definitions from file [/Users/darl/projects/gwik/out/production/main/beans.xml] IN org.springframework.beans.factory.xml.XmlBeanDefinitionReader
main 2011-11-01 23:54:45,194 INFO Bean factory for application context [org.springframework.context.support.FileSystemXmlApplicationContext@38b5dac4]: org.springframework.beans.factory.support.DefaultListableBeanFactory@3af42ad0 IN org.springframework.context.support.FileSystemXmlApplicationContext
main 2011-11-01 23:54:45,224 INFO Bean 'org.springframework.beans.factory.annotation.RequiredAnnotationBeanPostProcessor' is not eligible for getting processed by all BeanPostProcessors (for example: not eligible for auto-proxying) IN org.springframework.context.support.FileSystemXmlApplicationContext
main 2011-11-01 23:54:45,227 INFO Pre-instantiating singletons in org.springframework.beans.factory.support.DefaultListableBeanFactory@3af42ad0: defining beans [org.springframework.beans.factory.annotation.RequiredAnnotationBeanPostProcessor,serverInitializer,yaletProcessor,yaletSupport,yaletResolver,saxGenerator,singleYaletProcessor,osmQueryYalet]; root of factory hierarchy IN org.springframework.beans.factory.support.DefaultListableBeanFactory
main 2011-11-01 23:54:45,361 INFO Server started: 40 ms IN net.sf.xfresh.jetty.JettyServerInitializer
228598363@qtp-1482258114-0 2011-11-01 23:54:50,618 INFO Start process user request => {./web/main.xml}, remote ip => {127.0.0.1}, method=GET IN net.sf.xfresh.core.YaletProcessor
228598363@qtp-1482258114-0 2011-11-01 23:54:50,886 INFO Can't create transformer: No matching <?xml-stylesheet?> processing instruction found IN net.sf.xfresh.core.YaletProcessor
228598363@qtp-1482258114-0 2011-11-01 23:54:50,921 ERROR Can't process file ./web/main.xml IN net.sf.xfresh.core.YaletProcessor
org.springframework.beans.factory.NoSuchBeanDefinitionException: No bean named 'osmQueryYaletYalet' is defined
	at org.springframework.beans.factory.support.DefaultListableBeanFactory.getBeanDefinition(DefaultListableBeanFactory.java:345)
	at org.springframework.beans.factory.support.AbstractBeanFactory.getMergedBeanDefinition(AbstractBeanFactory.java:894)
	at org.springframework.beans.factory.support.AbstractBeanFactory.getBean(AbstractBeanFactory.java:243)
	at org.springframework.beans.factory.support.AbstractBeanFactory.getBean(AbstractBeanFactory.java:160)
	at org.springframework.context.support.AbstractApplicationContext.getBean(AbstractApplicationContext.java:703)
	at net.sf.xfresh.core.spring.SpringYaletResolver.findYalet(SpringYaletResolver.java:54)
	at net.sf.xfresh.core.impl.DefaultSingleYaletProcessor.processYalet(DefaultSingleYaletProcessor.java:42)
	at net.sf.xfresh.core.YaletFilter.processYalet(YaletFilter.java:86)
	at net.sf.xfresh.core.YaletFilter.endElement(YaletFilter.java:78)
	at net.sf.xfresh.ext.ExtYaletFilter.endElement(ExtYaletFilter.java:161)
	at org.apache.xerces.parsers.AbstractSAXParser.endElement(Unknown Source)
	at org.apache.xerces.parsers.AbstractXMLDocumentParser.emptyElement(Unknown Source)
	at org.apache.xerces.xinclude.XIncludeHandler.emptyElement(Unknown Source)
	at org.apache.xerces.impl.XMLNSDocumentScannerImpl.scanStartElement(Unknown Source)
	at org.apache.xerces.impl.XMLDocumentFragmentScannerImpl$FragmentContentDispatcher.dispatch(Unknown Source)
	at org.apache.xerces.impl.XMLDocumentFragmentScannerImpl.scanDocument(Unknown Source)
	at org.apache.xerces.parsers.XML11Configuration.parse(Unknown Source)
	at org.apache.xerces.parsers.XML11Configuration.parse(Unknown Source)
	at org.apache.xerces.parsers.XMLParser.parse(Unknown Source)
	at org.apache.xerces.parsers.AbstractSAXParser.parse(Unknown Source)
	at org.apache.xerces.jaxp.SAXParserImpl$JAXPSAXParser.parse(Unknown Source)
	at org.xml.sax.helpers.XMLFilterImpl.parse(XMLFilterImpl.java:333)
	at net.sf.xfresh.core.YaletProcessor.process(YaletProcessor.java:101)
	at net.sf.xfresh.core.YaletProcessor.process(YaletProcessor.java:72)
	at net.sf.xfresh.jetty.YaletXmlPageHandler.handle(YaletXmlPageHandler.java:51)
	at org.mortbay.jetty.handler.HandlerCollection.handle(HandlerCollection.java:114)
	at org.mortbay.jetty.handler.HandlerWrapper.handle(HandlerWrapper.java:152)
	at org.mortbay.jetty.Server.handle(Server.java:326)
	at org.mortbay.jetty.HttpConnection.handleRequest(HttpConnection.java:542)
	at org.mortbay.jetty.HttpConnection$RequestHandler.headerComplete(HttpConnection.java:923)
	at org.mortbay.jetty.HttpParser.parseNext(HttpParser.java:547)
	at org.mortbay.jetty.HttpParser.parseAvailable(HttpParser.java:212)
	at org.mortbay.jetty.HttpConnection.handle(HttpConnection.java:404)
	at org.mortbay.io.nio.SelectChannelEndPoint.run(SelectChannelEndPoint.java:409)
	at org.mortbay.thread.QueuedThreadPool$PoolThread.run(QueuedThreadPool.java:582)
228598363@qtp-1482258114-0 2011-11-01 23:55:13,167 INFO Start process user request => {./web/main.xml}, remote ip => {127.0.0.1}, method=GET IN net.sf.xfresh.core.YaletProcessor
228598363@qtp-1482258114-0 2011-11-01 23:55:13,170 INFO Can't create transformer: No matching <?xml-stylesheet?> processing instruction found IN net.sf.xfresh.core.YaletProcessor
228598363@qtp-1482258114-0 2011-11-01 23:55:13,170 ERROR Can't process file ./web/main.xml IN net.sf.xfresh.core.YaletProcessor
org.springframework.beans.factory.NoSuchBeanDefinitionException: No bean named 'osmQueryYaletYalet' is defined
	at org.springframework.beans.factory.support.DefaultListableBeanFactory.getBeanDefinition(DefaultListableBeanFactory.java:345)
	at org.springframework.beans.factory.support.AbstractBeanFactory.getMergedBeanDefinition(AbstractBeanFactory.java:894)
	at org.springframework.beans.factory.support.AbstractBeanFactory.getBean(AbstractBeanFactory.java:243)
	at org.springframework.beans.factory.support.AbstractBeanFactory.getBean(AbstractBeanFactory.java:160)
	at org.springframework.context.support.AbstractApplicationContext.getBean(AbstractApplicationContext.java:703)
	at net.sf.xfresh.core.spring.SpringYaletResolver.findYalet(SpringYaletResolver.java:54)
	at net.sf.xfresh.core.impl.DefaultSingleYaletProcessor.processYalet(DefaultSingleYaletProcessor.java:42)
	at net.sf.xfresh.core.YaletFilter.processYalet(YaletFilter.java:86)
	at net.sf.xfresh.core.YaletFilter.endElement(YaletFilter.java:78)
	at net.sf.xfresh.ext.ExtYaletFilter.endElement(ExtYaletFilter.java:161)
	at org.apache.xerces.parsers.AbstractSAXParser.endElement(Unknown Source)
	at org.apache.xerces.parsers.AbstractXMLDocumentParser.emptyElement(Unknown Source)
	at org.apache.xerces.xinclude.XIncludeHandler.emptyElement(Unknown Source)
	at org.apache.xerces.impl.XMLNSDocumentScannerImpl.scanStartElement(Unknown Source)
	at org.apache.xerces.impl.XMLDocumentFragmentScannerImpl$FragmentContentDispatcher.dispatch(Unknown Source)
	at org.apache.xerces.impl.XMLDocumentFragmentScannerImpl.scanDocument(Unknown Source)
	at org.apache.xerces.parsers.XML11Configuration.parse(Unknown Source)
	at org.apache.xerces.parsers.XML11Configuration.parse(Unknown Source)
	at org.apache.xerces.parsers.XMLParser.parse(Unknown Source)
	at org.apache.xerces.parsers.AbstractSAXParser.parse(Unknown Source)
	at org.apache.xerces.jaxp.SAXParserImpl$JAXPSAXParser.parse(Unknown Source)
	at org.xml.sax.helpers.XMLFilterImpl.parse(XMLFilterImpl.java:333)
	at net.sf.xfresh.core.YaletProcessor.process(YaletProcessor.java:101)
	at net.sf.xfresh.core.YaletProcessor.process(YaletProcessor.java:72)
	at net.sf.xfresh.jetty.YaletXmlPageHandler.handle(YaletXmlPageHandler.java:51)
	at org.mortbay.jetty.handler.HandlerCollection.handle(HandlerCollection.java:114)
	at org.mortbay.jetty.handler.HandlerWrapper.handle(HandlerWrapper.java:152)
	at org.mortbay.jetty.Server.handle(Server.java:326)
	at org.mortbay.jetty.HttpConnection.handleRequest(HttpConnection.java:542)
	at org.mortbay.jetty.HttpConnection$RequestHandler.headerComplete(HttpConnection.java:923)
	at org.mortbay.jetty.HttpParser.parseNext(HttpParser.java:547)
	at org.mortbay.jetty.HttpParser.parseAvailable(HttpParser.java:212)
	at org.mortbay.jetty.HttpConnection.handle(HttpConnection.java:404)
	at org.mortbay.io.nio.SelectChannelEndPoint.run(SelectChannelEndPoint.java:409)
	at org.mortbay.thread.QueuedThreadPool$PoolThread.run(QueuedThreadPool.java:582)
main 2011-11-01 23:55:38,724 INFO App started IN net.sf.xfresh.util.Starter
main 2011-11-01 23:55:38,754 INFO Refreshing org.springframework.context.support.FileSystemXmlApplicationContext@69945ce: display name [org.springframework.context.support.FileSystemXmlApplicationContext@69945ce]; startup date [Tue Nov 01 23:55:38 MSK 2011]; root of context hierarchy IN org.springframework.context.support.FileSystemXmlApplicationContext
main 2011-11-01 23:55:38,800 INFO Loading XML bean definitions from file [/Users/darl/projects/gwik/out/production/main/beans.xml] IN org.springframework.beans.factory.xml.XmlBeanDefinitionReader
main 2011-11-01 23:55:38,843 INFO Bean factory for application context [org.springframework.context.support.FileSystemXmlApplicationContext@69945ce]: org.springframework.beans.factory.support.DefaultListableBeanFactory@811978b IN org.springframework.context.support.FileSystemXmlApplicationContext
main 2011-11-01 23:55:38,873 INFO Bean 'org.springframework.beans.factory.annotation.RequiredAnnotationBeanPostProcessor' is not eligible for getting processed by all BeanPostProcessors (for example: not eligible for auto-proxying) IN org.springframework.context.support.FileSystemXmlApplicationContext
main 2011-11-01 23:55:38,876 INFO Pre-instantiating singletons in org.springframework.beans.factory.support.DefaultListableBeanFactory@811978b: defining beans [org.springframework.beans.factory.annotation.RequiredAnnotationBeanPostProcessor,serverInitializer,yaletProcessor,yaletSupport,yaletResolver,saxGenerator,singleYaletProcessor,osmQueryYalet]; root of factory hierarchy IN org.springframework.beans.factory.support.DefaultListableBeanFactory
main 2011-11-01 23:55:39,011 INFO Server started: 40 ms IN net.sf.xfresh.jetty.JettyServerInitializer
1975260912@qtp-228598363-0 2011-11-01 23:55:42,892 INFO Start process user request => {./web/main.xml}, remote ip => {127.0.0.1}, method=GET IN net.sf.xfresh.core.YaletProcessor
1975260912@qtp-228598363-0 2011-11-01 23:55:43,161 INFO Can't create transformer: No matching <?xml-stylesheet?> processing instruction found IN net.sf.xfresh.core.YaletProcessor
1975260912@qtp-228598363-0 2011-11-01 23:55:43,198 ERROR Can't process file ./web/main.xml IN net.sf.xfresh.core.YaletProcessor
org.springframework.beans.factory.NoSuchBeanDefinitionException: No bean named 'osmQueryYaletYalet' is defined
	at org.springframework.beans.factory.support.DefaultListableBeanFactory.getBeanDefinition(DefaultListableBeanFactory.java:345)
	at org.springframework.beans.factory.support.AbstractBeanFactory.getMergedBeanDefinition(AbstractBeanFactory.java:894)
	at org.springframework.beans.factory.support.AbstractBeanFactory.getBean(AbstractBeanFactory.java:243)
	at org.springframework.beans.factory.support.AbstractBeanFactory.getBean(AbstractBeanFactory.java:160)
	at org.springframework.context.support.AbstractApplicationContext.getBean(AbstractApplicationContext.java:703)
	at net.sf.xfresh.core.spring.SpringYaletResolver.findYalet(SpringYaletResolver.java:54)
	at net.sf.xfresh.core.impl.DefaultSingleYaletProcessor.processYalet(DefaultSingleYaletProcessor.java:42)
	at net.sf.xfresh.core.YaletFilter.processYalet(YaletFilter.java:86)
	at net.sf.xfresh.core.YaletFilter.endElement(YaletFilter.java:78)
	at net.sf.xfresh.ext.ExtYaletFilter.endElement(ExtYaletFilter.java:161)
	at org.apache.xerces.parsers.AbstractSAXParser.endElement(Unknown Source)
	at org.apache.xerces.parsers.AbstractXMLDocumentParser.emptyElement(Unknown Source)
	at org.apache.xerces.xinclude.XIncludeHandler.emptyElement(Unknown Source)
	at org.apache.xerces.impl.XMLNSDocumentScannerImpl.scanStartElement(Unknown Source)
	at org.apache.xerces.impl.XMLDocumentFragmentScannerImpl$FragmentContentDispatcher.dispatch(Unknown Source)
	at org.apache.xerces.impl.XMLDocumentFragmentScannerImpl.scanDocument(Unknown Source)
	at org.apache.xerces.parsers.XML11Configuration.parse(Unknown Source)
	at org.apache.xerces.parsers.XML11Configuration.parse(Unknown Source)
	at org.apache.xerces.parsers.XMLParser.parse(Unknown Source)
	at org.apache.xerces.parsers.AbstractSAXParser.parse(Unknown Source)
	at org.apache.xerces.jaxp.SAXParserImpl$JAXPSAXParser.parse(Unknown Source)
	at org.xml.sax.helpers.XMLFilterImpl.parse(XMLFilterImpl.java:333)
	at net.sf.xfresh.core.YaletProcessor.process(YaletProcessor.java:101)
	at net.sf.xfresh.core.YaletProcessor.process(YaletProcessor.java:72)
	at net.sf.xfresh.jetty.YaletXmlPageHandler.handle(YaletXmlPageHandler.java:51)
	at org.mortbay.jetty.handler.HandlerCollection.handle(HandlerCollection.java:114)
	at org.mortbay.jetty.handler.HandlerWrapper.handle(HandlerWrapper.java:152)
	at org.mortbay.jetty.Server.handle(Server.java:326)
	at org.mortbay.jetty.HttpConnection.handleRequest(HttpConnection.java:542)
	at org.mortbay.jetty.HttpConnection$RequestHandler.headerComplete(HttpConnection.java:923)
	at org.mortbay.jetty.HttpParser.parseNext(HttpParser.java:547)
	at org.mortbay.jetty.HttpParser.parseAvailable(HttpParser.java:212)
	at org.mortbay.jetty.HttpConnection.handle(HttpConnection.java:404)
	at org.mortbay.io.nio.SelectChannelEndPoint.run(SelectChannelEndPoint.java:409)
	at org.mortbay.thread.QueuedThreadPool$PoolThread.run(QueuedThreadPool.java:582)
main 2011-11-01 23:56:47,565 INFO App started IN net.sf.xfresh.util.Starter
main 2011-11-01 23:56:47,595 INFO Refreshing org.springframework.context.support.FileSystemXmlApplicationContext@38b5dac4: display name [org.springframework.context.support.FileSystemXmlApplicationContext@38b5dac4]; startup date [Tue Nov 01 23:56:47 MSK 2011]; root of context hierarchy IN org.springframework.context.support.FileSystemXmlApplicationContext
main 2011-11-01 23:56:47,641 INFO Loading XML bean definitions from file [/Users/darl/projects/gwik/out/production/main/beans.xml] IN org.springframework.beans.factory.xml.XmlBeanDefinitionReader
main 2011-11-01 23:56:47,683 INFO Bean factory for application context [org.springframework.context.support.FileSystemXmlApplicationContext@38b5dac4]: org.springframework.beans.factory.support.DefaultListableBeanFactory@3af42ad0 IN org.springframework.context.support.FileSystemXmlApplicationContext
main 2011-11-01 23:56:47,713 INFO Bean 'org.springframework.beans.factory.annotation.RequiredAnnotationBeanPostProcessor' is not eligible for getting processed by all BeanPostProcessors (for example: not eligible for auto-proxying) IN org.springframework.context.support.FileSystemXmlApplicationContext
main 2011-11-01 23:56:47,716 INFO Pre-instantiating singletons in org.springframework.beans.factory.support.DefaultListableBeanFactory@3af42ad0: defining beans [org.springframework.beans.factory.annotation.RequiredAnnotationBeanPostProcessor,serverInitializer,yaletProcessor,yaletSupport,yaletResolver,saxGenerator,singleYaletProcessor,osmQueryYalet]; root of factory hierarchy IN org.springframework.beans.factory.support.DefaultListableBeanFactory
main 2011-11-01 23:56:47,857 INFO Server started: 41 ms IN net.sf.xfresh.jetty.JettyServerInitializer
1563093566@qtp-1729094329-0 2011-11-01 23:56:49,715 INFO Start process user request => {./web/main.xml}, remote ip => {127.0.0.1}, method=GET IN net.sf.xfresh.core.YaletProcessor
1563093566@qtp-1729094329-0 2011-11-01 23:56:49,982 INFO Can't create transformer: No matching <?xml-stylesheet?> processing instruction found IN net.sf.xfresh.core.YaletProcessor
1563093566@qtp-1729094329-0 2011-11-01 23:56:50,012 INFO Starting process yalet => {osmQuery} IN net.sf.xfresh.core.impl.DefaultSingleYaletProcessor
1563093566@qtp-1729094329-0 2011-11-01 23:56:50,113 INFO Processing time for yalet => {osmQuery} is 101 ms IN net.sf.xfresh.core.impl.DefaultSingleYaletProcessor
1563093566@qtp-1729094329-0 2011-11-01 23:56:50,129 INFO Processing time for user request => {./web/main.xml} is 414 ms IN net.sf.xfresh.core.YaletProcessor
main 2011-11-01 23:57:10,846 INFO App started IN net.sf.xfresh.util.Starter
main 2011-11-01 23:57:10,876 INFO Refreshing org.springframework.context.support.FileSystemXmlApplicationContext@38b5dac4: display name [org.springframework.context.support.FileSystemXmlApplicationContext@38b5dac4]; startup date [Tue Nov 01 23:57:10 MSK 2011]; root of context hierarchy IN org.springframework.context.support.FileSystemXmlApplicationContext
main 2011-11-01 23:57:10,921 INFO Loading XML bean definitions from file [/Users/darl/projects/gwik/out/production/main/beans.xml] IN org.springframework.beans.factory.xml.XmlBeanDefinitionReader
main 2011-11-01 23:57:10,964 INFO Bean factory for application context [org.springframework.context.support.FileSystemXmlApplicationContext@38b5dac4]: org.springframework.beans.factory.support.DefaultListableBeanFactory@3af42ad0 IN org.springframework.context.support.FileSystemXmlApplicationContext
main 2011-11-01 23:57:10,993 INFO Bean 'org.springframework.beans.factory.annotation.RequiredAnnotationBeanPostProcessor' is not eligible for getting processed by all BeanPostProcessors (for example: not eligible for auto-proxying) IN org.springframework.context.support.FileSystemXmlApplicationContext
main 2011-11-01 23:57:10,996 INFO Pre-instantiating singletons in org.springframework.beans.factory.support.DefaultListableBeanFactory@3af42ad0: defining beans [org.springframework.beans.factory.annotation.RequiredAnnotationBeanPostProcessor,serverInitializer,yaletProcessor,yaletSupport,yaletResolver,saxGenerator,singleYaletProcessor,osmQueryYalet]; root of factory hierarchy IN org.springframework.beans.factory.support.DefaultListableBeanFactory
main 2011-11-01 23:57:11,129 INFO Server started: 39 ms IN net.sf.xfresh.jetty.JettyServerInitializer
778152199@qtp-2030276071-0 2011-11-01 23:57:13,234 INFO Start process user request => {./web/main.xml}, remote ip => {127.0.0.1}, method=GET IN net.sf.xfresh.core.YaletProcessor
778152199@qtp-2030276071-0 2011-11-01 23:57:13,501 INFO Can't create transformer: No matching <?xml-stylesheet?> processing instruction found IN net.sf.xfresh.core.YaletProcessor
778152199@qtp-2030276071-0 2011-11-01 23:57:13,533 INFO Starting process yalet => {osmQuery} IN net.sf.xfresh.core.impl.DefaultSingleYaletProcessor
778152199@qtp-2030276071-0 2011-11-01 23:57:13,533 INFO Processing time for yalet => {osmQuery} is 0 ms IN net.sf.xfresh.core.impl.DefaultSingleYaletProcessor
778152199@qtp-2030276071-0 2011-11-01 23:57:13,545 INFO Processing time for user request => {./web/main.xml} is 311 ms IN net.sf.xfresh.core.YaletProcessor
778152199@qtp-2030276071-0 2011-11-02 00:13:26,345 INFO Start process user request => {./web/main.xml}, remote ip => {127.0.0.1}, method=GET IN net.sf.xfresh.core.YaletProcessor
778152199@qtp-2030276071-0 2011-11-02 00:13:26,347 INFO Can't create transformer: No matching <?xml-stylesheet?> processing instruction found IN net.sf.xfresh.core.YaletProcessor
778152199@qtp-2030276071-0 2011-11-02 00:13:26,348 INFO Starting process yalet => {osmQuery} IN net.sf.xfresh.core.impl.DefaultSingleYaletProcessor
778152199@qtp-2030276071-0 2011-11-02 00:13:26,348 INFO Processing time for yalet => {osmQuery} is 0 ms IN net.sf.xfresh.core.impl.DefaultSingleYaletProcessor
778152199@qtp-2030276071-0 2011-11-02 00:13:26,348 INFO Processing time for user request => {./web/main.xml} is 3 ms IN net.sf.xfresh.core.YaletProcessor
778152199@qtp-2030276071-0 2011-11-02 00:54:46,420 INFO Start process user request => {./web/main.xml}, remote ip => {127.0.0.1}, method=GET IN net.sf.xfresh.core.YaletProcessor
778152199@qtp-2030276071-0 2011-11-02 00:54:46,424 INFO Can't create transformer: No matching <?xml-stylesheet?> processing instruction found IN net.sf.xfresh.core.YaletProcessor
778152199@qtp-2030276071-0 2011-11-02 00:54:46,424 INFO Starting process yalet => {osmQuery} IN net.sf.xfresh.core.impl.DefaultSingleYaletProcessor
778152199@qtp-2030276071-0 2011-11-02 00:54:46,425 INFO Processing time for yalet => {osmQuery} is 0 ms IN net.sf.xfresh.core.impl.DefaultSingleYaletProcessor
778152199@qtp-2030276071-0 2011-11-02 00:54:46,425 INFO Processing time for user request => {./web/main.xml} is 4 ms IN net.sf.xfresh.core.YaletProcessor
main 2011-11-02 21:35:49,974 INFO App started IN net.sf.xfresh.util.Starter
main 2011-11-02 21:35:50,015 INFO Refreshing org.springframework.context.support.FileSystemXmlApplicationContext@69945ce: display name [org.springframework.context.support.FileSystemXmlApplicationContext@69945ce]; startup date [Wed Nov 02 21:35:50 MSK 2011]; root of context hierarchy IN org.springframework.context.support.FileSystemXmlApplicationContext
main 2011-11-02 21:35:50,075 INFO Loading XML bean definitions from file [/Users/darl/projects/gwik/out/production/main/beans.xml] IN org.springframework.beans.factory.xml.XmlBeanDefinitionReader
main 2011-11-02 21:35:50,120 INFO Bean factory for application context [org.springframework.context.support.FileSystemXmlApplicationContext@69945ce]: org.springframework.beans.factory.support.DefaultListableBeanFactory@811978b IN org.springframework.context.support.FileSystemXmlApplicationContext
main 2011-11-02 21:35:50,155 INFO Bean 'org.springframework.beans.factory.annotation.RequiredAnnotationBeanPostProcessor' is not eligible for getting processed by all BeanPostProcessors (for example: not eligible for auto-proxying) IN org.springframework.context.support.FileSystemXmlApplicationContext
main 2011-11-02 21:35:50,158 INFO Pre-instantiating singletons in org.springframework.beans.factory.support.DefaultListableBeanFactory@811978b: defining beans [org.springframework.beans.factory.annotation.RequiredAnnotationBeanPostProcessor,serverInitializer,yaletProcessor,yaletSupport,yaletResolver,saxGenerator,singleYaletProcessor,osmQueryYalet]; root of factory hierarchy IN org.springframework.beans.factory.support.DefaultListableBeanFactory
main 2011-11-02 21:35:50,324 INFO Server started: 47 ms IN net.sf.xfresh.jetty.JettyServerInitializer
746110011@qtp-1139676299-0 2011-11-02 22:35:31,638 INFO Start process user request => {./web/main.xml}, remote ip => {127.0.0.1}, method=GET IN net.sf.xfresh.core.YaletProcessor
746110011@qtp-1139676299-0 2011-11-02 22:35:31,990 INFO Can't create transformer: No matching <?xml-stylesheet?> processing instruction found IN net.sf.xfresh.core.YaletProcessor
746110011@qtp-1139676299-0 2011-11-02 22:35:32,022 INFO Starting process yalet => {osmQuery} IN net.sf.xfresh.core.impl.DefaultSingleYaletProcessor
746110011@qtp-1139676299-0 2011-11-02 22:35:32,022 INFO Processing time for yalet => {osmQuery} is 0 ms IN net.sf.xfresh.core.impl.DefaultSingleYaletProcessor
746110011@qtp-1139676299-0 2011-11-02 22:35:32,028 INFO Processing time for user request => {./web/main.xml} is 390 ms IN net.sf.xfresh.core.YaletProcessor
746110011@qtp-1139676299-0 2011-11-02 22:38:09,478 INFO Start process user request => {./web/main.xml}, remote ip => {127.0.0.1}, method=GET IN net.sf.xfresh.core.YaletProcessor
746110011@qtp-1139676299-0 2011-11-02 22:38:09,480 INFO Can't create transformer: No matching <?xml-stylesheet?> processing instruction found IN net.sf.xfresh.core.YaletProcessor
746110011@qtp-1139676299-0 2011-11-02 22:38:09,481 INFO Starting process yalet => {osmQuery} IN net.sf.xfresh.core.impl.DefaultSingleYaletProcessor
746110011@qtp-1139676299-0 2011-11-02 22:38:09,481 INFO Processing time for yalet => {osmQuery} is 0 ms IN net.sf.xfresh.core.impl.DefaultSingleYaletProcessor
746110011@qtp-1139676299-0 2011-11-02 22:38:09,481 INFO Processing time for user request => {./web/main.xml} is 3 ms IN net.sf.xfresh.core.YaletProcessor
746110011@qtp-1139676299-0 2011-11-02 22:38:10,604 INFO Start process user request => {./web/main.xml}, remote ip => {127.0.0.1}, method=GET IN net.sf.xfresh.core.YaletProcessor
746110011@qtp-1139676299-0 2011-11-02 22:38:10,607 INFO Can't create transformer: No matching <?xml-stylesheet?> processing instruction found IN net.sf.xfresh.core.YaletProcessor
746110011@qtp-1139676299-0 2011-11-02 22:38:10,608 INFO Starting process yalet => {osmQuery} IN net.sf.xfresh.core.impl.DefaultSingleYaletProcessor
746110011@qtp-1139676299-0 2011-11-02 22:38:10,608 INFO Processing time for yalet => {osmQuery} is 0 ms IN net.sf.xfresh.core.impl.DefaultSingleYaletProcessor
746110011@qtp-1139676299-0 2011-11-02 22:38:10,608 INFO Processing time for user request => {./web/main.xml} is 4 ms IN net.sf.xfresh.core.YaletProcessor
